2017-05-05 14:47:20.4680|INFO|WebApi.Helpers.NLogger|JSON
Method: GET
URL: http://localhost:50875/v1/Products/Product/allproducts
Controller : WebApi.Controllers.ProductController
Action : Get
Action Parameters : {"messageFormat":"JSON","messageArguments":[{}]}

2017-05-05 14:47:43.2403|INFO|WebApi.Helpers.NLogger|JSON
Method: GET
URL: http://localhost:50875/v1/Products/Product/allproducts
Controller : WebApi.Controllers.ProductController
Action : Get
Action Parameters : {"messageFormat":"JSON","messageArguments":[{}]}

2017-05-05 14:48:03.0995|ERROR|WebApi.Helpers.NLogger|Method: GET
URL: http://localhost:50875/v1/Products/Product/allproducts
Controller : WebApi.Controllers.ProductController
Action : Get
Action Parameters : 
Error: The network path was not found


2017-05-05 15:44:47.3012|INFO|WebApi.Helpers.NLogger|JSON
Method: GET
URL: http://localhost:50875/v1/Products/Product/allproducts
Controller : WebApi.Controllers.ProductController
Action : Get
Action Parameters : {"messageFormat":"JSON","messageArguments":[{}]}

2017-05-05 15:50:29.6498|INFO|WebApi.Helpers.NLogger|JSON
Method: GET
URL: http://localhost:50875/v1/Products/Product/allproducts
Controller : WebApi.Controllers.ProductController
Action : Get
Action Parameters : {"messageFormat":"JSON","messageArguments":[{}]}

2017-05-05 15:51:47.2262|INFO|WebApi.Helpers.NLogger|JSON
Method: GET
URL: http://localhost:50875/v1/Products/Product/allproducts
Controller : WebApi.Controllers.ProductController
Action : Get
Action Parameters : {"messageFormat":"JSON","messageArguments":[{}]}

2017-05-05 15:52:34.5799|INFO|WebApi.Helpers.NLogger|JSON
Method: GET
URL: http://localhost:50875/v1/Products/Product/allproducts
Controller : WebApi.Controllers.ProductController
Action : Get
Action Parameters : {"messageFormat":"JSON","messageArguments":[{}]}

2017-05-05 15:52:58.1613|INFO|WebApi.Helpers.NLogger|JSON
Method: GET
URL: http://localhost:50875/v1/Products/Product/allproducts
Controller : WebApi.Controllers.ProductController
Action : Get
Action Parameters : {"messageFormat":"JSON","messageArguments":[{}]}

2017-05-05 15:54:01.2739|INFO|WebApi.Helpers.NLogger|JSON
Method: GET
URL: http://localhost:50875/v1/Products/Product/allproducts
Controller : WebApi.Controllers.ProductController
Action : Get
Action Parameters : {"messageFormat":"JSON","messageArguments":[{}]}

2017-05-05 15:57:52.6571|INFO|WebApi.Helpers.NLogger|JSON
Method: GET
URL: http://localhost:50875/v1/Products/Product/allproducts
Controller : WebApi.Controllers.ProductController
Action : Get
Action Parameters : {"messageFormat":"JSON","messageArguments":[{}]}

2017-05-05 15:58:26.9251|INFO|WebApi.Helpers.NLogger|JSON
Method: GET
URL: http://localhost:50875/v1/Products/Product/allproducts
Controller : WebApi.Controllers.ProductController
Action : Get
Action Parameters : {"messageFormat":"JSON","messageArguments":[{}]}

2017-05-05 17:05:33.8704|INFO|WebApi.Helpers.NLogger|JSON
Method: GET
URL: http://localhost:50875/v1/Products/Product/Hello
Controller : WebApi.Controllers.ProductController
Action : Get
Action Parameters : {"messageFormat":"JSON","messageArguments":[{}]}

